[debug] [2022-06-30T22:13:47.493Z] ----------------------------------------------------------------------
[debug] [2022-06-30T22:13:47.495Z] Command:       /usr/local/bin/node /Users/maxscott/.npm-global/bin/firebase init
[debug] [2022-06-30T22:13:47.495Z] CLI Version:   11.2.0
[debug] [2022-06-30T22:13:47.495Z] Platform:      darwin
[debug] [2022-06-30T22:13:47.495Z] Node Version:  v14.18.1
[debug] [2022-06-30T22:13:47.497Z] Time:          Thu Jun 30 2022 18:13:47 GMT-0400 (Eastern Daylight Time)
[debug] [2022-06-30T22:13:47.497Z] ----------------------------------------------------------------------
[debug] 
[debug] [2022-06-30T22:13:47.503Z] > command requires scopes: ["email","openid","https://www.googleapis.com/auth/cloudplatformprojects.readonly","https://www.googleapis.com/auth/firebase","https://www.googleapis.com/auth/cloud-platform"]
[debug] [2022-06-30T22:13:47.503Z] > authorizing via signed-in user (gaspersscottma@gmail.com)
[info] 
     ######## #### ########  ######## ########     ###     ######  ########
     ##        ##  ##     ## ##       ##     ##  ##   ##  ##       ##
     ######    ##  ########  ######   ########  #########  ######  ######
     ##        ##  ##    ##  ##       ##     ## ##     ##       ## ##
     ##       #### ##     ## ######## ########  ##     ##  ######  ########

You're about to initialize a Firebase project in this directory:

  /Users/maxscott/Desktop/productivityPangolin/productivity-pangolin

[info] 
=== Project Setup
[info] 
[info] First, let's associate this project directory with a Firebase project.
[info] You can create multiple project aliases by running firebase use --add, 
[info] but for now we'll just set up a default project.
[info] 
[debug] [2022-06-30T22:16:37.249Z] >>> [apiv2][query] GET https://firebase.googleapis.com/v1beta1/projects pageSize=100
[debug] [2022-06-30T22:16:37.703Z] <<< [apiv2][status] GET https://firebase.googleapis.com/v1beta1/projects 200
[debug] [2022-06-30T22:16:37.703Z] <<< [apiv2][body] GET https://firebase.googleapis.com/v1beta1/projects [omitted]
[info] i  Using project fir-ninja-4fab2 (fireBaseNinja) 
[info] 
=== Firestore Setup
[debug] [2022-06-30T22:16:56.047Z] >>> [apiv2][query] GET https://serviceusage.googleapis.com/v1/projects/fir-ninja-4fab2/services/firestore.googleapis.com [none]
[debug] [2022-06-30T22:16:56.361Z] <<< [apiv2][status] GET https://serviceusage.googleapis.com/v1/projects/fir-ninja-4fab2/services/firestore.googleapis.com 200
[debug] [2022-06-30T22:16:56.361Z] <<< [apiv2][body] GET https://serviceusage.googleapis.com/v1/projects/fir-ninja-4fab2/services/firestore.googleapis.com [omitted]
[debug] [2022-06-30T22:16:56.362Z] >>> [apiv2][query] GET https://appengine.googleapis.com/v1/apps/fir-ninja-4fab2 [none]
[debug] [2022-06-30T22:16:56.538Z] <<< [apiv2][status] GET https://appengine.googleapis.com/v1/apps/fir-ninja-4fab2 200
[debug] [2022-06-30T22:16:56.538Z] <<< [apiv2][body] GET https://appengine.googleapis.com/v1/apps/fir-ninja-4fab2 {"name":"apps/fir-ninja-4fab2","id":"fir-ninja-4fab2","authDomain":"gmail.com","locationId":"us-east1","codeBucket":"staging.fir-ninja-4fab2.appspot.com","servingStatus":"SERVING","defaultHostname":"fir-ninja-4fab2.ue.r.appspot.com","defaultBucket":"fir-ninja-4fab2.appspot.com","serviceAccount":"fir-ninja-4fab2@appspot.gserviceaccount.com","gcrDomain":"us.gcr.io","databaseType":"CLOUD_FIRESTORE","featureSettings":{"splitHealthChecks":true,"useContainerOptimizedOs":true}}
[debug] [2022-06-30T22:16:56.539Z] database_type: CLOUD_FIRESTORE
[debug] [2022-06-30T22:16:56.540Z] > command requires scopes: ["email","openid","https://www.googleapis.com/auth/cloudplatformprojects.readonly","https://www.googleapis.com/auth/firebase","https://www.googleapis.com/auth/cloud-platform"]
[debug] [2022-06-30T22:16:56.540Z] > authorizing via signed-in user (gaspersscottma@gmail.com)
[debug] [2022-06-30T22:16:56.540Z] [iam] checking project fir-ninja-4fab2 for permissions ["firebase.projects.get"]
[debug] [2022-06-30T22:16:56.541Z] >>> [apiv2][query] POST https://cloudresourcemanager.googleapis.com/v1/projects/fir-ninja-4fab2:testIamPermissions [none]
[debug] [2022-06-30T22:16:56.541Z] >>> [apiv2][body] POST https://cloudresourcemanager.googleapis.com/v1/projects/fir-ninja-4fab2:testIamPermissions {"permissions":["firebase.projects.get"]}
[debug] [2022-06-30T22:16:56.616Z] <<< [apiv2][status] POST https://cloudresourcemanager.googleapis.com/v1/projects/fir-ninja-4fab2:testIamPermissions 200
[debug] [2022-06-30T22:16:56.616Z] <<< [apiv2][body] POST https://cloudresourcemanager.googleapis.com/v1/projects/fir-ninja-4fab2:testIamPermissions {"permissions":["firebase.projects.get"]}
[info] 
[info] Firestore Security Rules allow you to define how and when to allow
[info] requests. You can keep these rules in your project directory
[info] and publish them with firebase deploy.
[info] 
[debug] [2022-06-30T22:17:22.836Z] >>> [apiv2][query] GET https://firebaserules.googleapis.com/v1/projects/fir-ninja-4fab2/releases pageSize=10&pageToken=
[debug] [2022-06-30T22:17:23.046Z] <<< [apiv2][status] GET https://firebaserules.googleapis.com/v1/projects/fir-ninja-4fab2/releases 200
[debug] [2022-06-30T22:17:23.046Z] <<< [apiv2][body] GET https://firebaserules.googleapis.com/v1/projects/fir-ninja-4fab2/releases {"releases":[{"name":"projects/fir-ninja-4fab2/releases/cloud.firestore","rulesetName":"projects/fir-ninja-4fab2/rulesets/31511592-a1ac-49f1-8bad-c7d6afcfdef0","createTime":"2022-06-25T13:00:20.719309Z","updateTime":"2022-06-25T13:00:20.719309Z"}]}
[debug] [2022-06-30T22:17:23.047Z] Found ruleset: projects/fir-ninja-4fab2/rulesets/31511592-a1ac-49f1-8bad-c7d6afcfdef0
[debug] [2022-06-30T22:17:23.047Z] >>> [apiv2][query] GET https://firebaserules.googleapis.com/v1/projects/fir-ninja-4fab2/rulesets/31511592-a1ac-49f1-8bad-c7d6afcfdef0 [none]
[debug] [2022-06-30T22:17:23.230Z] <<< [apiv2][status] GET https://firebaserules.googleapis.com/v1/projects/fir-ninja-4fab2/rulesets/31511592-a1ac-49f1-8bad-c7d6afcfdef0 200
[debug] [2022-06-30T22:17:23.230Z] <<< [apiv2][body] GET https://firebaserules.googleapis.com/v1/projects/fir-ninja-4fab2/rulesets/31511592-a1ac-49f1-8bad-c7d6afcfdef0 [omitted]
[info] 
[info] Firestore indexes allow you to perform complex queries while
[info] maintaining performance that scales with the size of the result
[info] set. You can keep index definitions in your project directory
[info] and publish them with firebase deploy.
[info] 
[debug] [2022-06-30T22:17:28.917Z] >>> [apiv2][query] GET https://firestore.googleapis.com/v1/projects/fir-ninja-4fab2/databases/(default)/collectionGroups/-/indexes [none]
[debug] [2022-06-30T22:17:28.919Z] >>> [apiv2][query] GET https://firestore.googleapis.com/v1/projects/fir-ninja-4fab2/databases/(default)/collectionGroups/-/fields?filter=indexConfig.usesAncestorConfig=false [none]
[debug] [2022-06-30T22:17:29.118Z] <<< [apiv2][status] GET https://firestore.googleapis.com/v1/projects/fir-ninja-4fab2/databases/(default)/collectionGroups/-/indexes 200
[debug] [2022-06-30T22:17:29.119Z] <<< [apiv2][body] GET https://firestore.googleapis.com/v1/projects/fir-ninja-4fab2/databases/(default)/collectionGroups/-/indexes {}
[debug] [2022-06-30T22:17:29.121Z] <<< [apiv2][status] GET https://firestore.googleapis.com/v1/projects/fir-ninja-4fab2/databases/(default)/collectionGroups/-/fields?filter=indexConfig.usesAncestorConfig=false 200
[debug] [2022-06-30T22:17:29.122Z] <<< [apiv2][body] GET https://firestore.googleapis.com/v1/projects/fir-ninja-4fab2/databases/(default)/collectionGroups/-/fields?filter=indexConfig.usesAncestorConfig=false {"fields":[{"name":"projects/fir-ninja-4fab2/databases/(default)/collectionGroups/__default__/fields/*","indexConfig":{"indexes":[{"queryScope":"COLLECTION","fields":[{"fieldPath":"*","order":"ASCENDING"}],"state":"READY"},{"queryScope":"COLLECTION","fields":[{"fieldPath":"*","order":"DESCENDING"}],"state":"READY"},{"queryScope":"COLLECTION","fields":[{"fieldPath":"*","arrayConfig":"CONTAINS"}],"state":"READY"}]}}]}
[info] 
=== Hosting Setup
[info] 
[info] Your public directory is the folder (relative to your project directory) that
[info] will contain Hosting assets to be uploaded with firebase deploy. If you
[info] have a build process for your assets, use your build's output directory.
[info] 
[debug] [2022-06-30T22:17:55.422Z] >>> [apiv2][query] GET https://www.gstatic.com/firebasejs/releases.json [none]
[debug] [2022-06-30T22:17:55.467Z] <<< [apiv2][status] GET https://www.gstatic.com/firebasejs/releases.json 200
[debug] [2022-06-30T22:17:55.467Z] <<< [apiv2][body] GET https://www.gstatic.com/firebasejs/releases.json {"current":{"version":"9.8.4","browserURL":"https://www.gstatic.com/firebasejs/9.8.4/firebase.js","packageURL":"https://www.gstatic.com/firebasejs/9.8.4/firebase.tgz"},"live":{"version":"9.8","browserURL":"https://www.gstatic.com/firebasejs/live/9.8/firebase.js","packageURL":"https://www.gstatic.com/firebasejs/live/9.8/firebase.tgz"},"components":{"analytics":"https://www.gstatic.com/firebasejs/9.8.4/firebase-analytics.js","app":"https://www.gstatic.com/firebasejs/9.8.4/firebase-app.js","app-check":"https://www.gstatic.com/firebasejs/9.8.4/firebase-app-check.js","auth":"https://www.gstatic.com/firebasejs/9.8.4/firebase-auth.js","auth/cordova":"https://www.gstatic.com/firebasejs/9.8.4/firebase-auth/cordova.js","auth/react-native":"https://www.gstatic.com/firebasejs/9.8.4/firebase-auth/react-native.js","functions":"https://www.gstatic.com/firebasejs/9.8.4/firebase-functions.js","firestore":"https://www.gstatic.com/firebasejs/9.8.4/firebase-firestore.js","firestore/lite":"https://www.gstatic.com/firebasejs/9.8.4/firebase-firestore/lite.js","storage":"https://www.gstatic.com/firebasejs/9.8.4/firebase-storage.js","performance":"https://www.gstatic.com/firebasejs/9.8.4/firebase-performance.js","remote-config":"https://www.gstatic.com/firebasejs/9.8.4/firebase-remote-config.js","messaging":"https://www.gstatic.com/firebasejs/9.8.4/firebase-messaging.js","messaging/sw":"https://www.gstatic.com/firebasejs/9.8.4/firebase-messaging/sw.js","database":"https://www.gstatic.com/firebasejs/9.8.4/firebase-database.js","firestore.memory":"https://www.gstatic.com/firebasejs/9.8.4/firebase-firestore.memory.js"}}
[info] i  Skipping write of public/index.html 
[info] 
[info] i  Detected a .git folder at /Users/maxscott/Desktop/productivityPangolin/productivity-pangolin 
[info] i  Authorizing with GitHub to upload your service account to a GitHub repository's secrets store. 
[info] 
[info] Visit this URL on this device to log in:
[info] https://github.com/login/oauth/authorize?client_id=89cf50f02ac6aaed3484&state=440659891&redirect_uri=http%3A%2F%2Flocalhost%3A9005&scope=read%3Auser%20repo%20public_repo
[info] 
[info] Waiting for authentication...
[debug] [2022-06-30T22:18:24.459Z] >>> [apiv2][query] POST https://github.com/login/oauth/access_token [none]
[debug] [2022-06-30T22:18:24.459Z] >>> [apiv2][body] POST https://github.com/login/oauth/access_token [stream]
[debug] [2022-06-30T22:18:24.602Z] <<< [apiv2][status] POST https://github.com/login/oauth/access_token 200
[debug] [2022-06-30T22:18:24.602Z] <<< [apiv2][body] POST https://github.com/login/oauth/access_token {"access_token":"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","token_type":"bearer","scope":"read:user,repo"}
[debug] [2022-06-30T22:18:24.611Z] >>> [apiv2][query] GET https://api.github.com/user [none]
[debug] [2022-06-30T22:18:24.779Z] <<< [apiv2][status] GET https://api.github.com/user 200
[debug] [2022-06-30T22:18:24.780Z] <<< [apiv2][body] GET https://api.github.com/user {"login":"coderFeedForwardAlg","id":76785692,"node_id":"MDQ6VXNlcjc2Nzg1Njky","avatar_url":"https://avatars.githubusercontent.com/u/76785692?v=4","gravatar_id":"","url":"https://api.github.com/users/coderFeedForwardAlg","html_url":"https://github.com/coderFeedForwardAlg","followers_url":"https://api.github.com/users/coderFeedForwardAlg/followers","following_url":"https://api.github.com/users/coderFeedForwardAlg/following{/other_user}","gists_url":"https://api.github.com/users/coderFeedForwardAlg/gists{/gist_id}","starred_url":"https://api.github.com/users/coderFeedForwardAlg/starred{/owner}{/repo}","subscriptions_url":"https://api.github.com/users/coderFeedForwardAlg/subscriptions","organizations_url":"https://api.github.com/users/coderFeedForwardAlg/orgs","repos_url":"https://api.github.com/users/coderFeedForwardAlg/repos","events_url":"https://api.github.com/users/coderFeedForwardAlg/events{/privacy}","received_events_url":"https://api.github.com/users/coderFeedForwardAlg/received_events","type":"User","site_admin":false,"name":null,"company":null,"blog":"","location":null,"email":null,"hireable":null,"bio":null,"twitter_username":null,"public_repos":47,"public_gists":0,"followers":0,"following":0,"created_at":"2020-12-30T16:19:16Z","updated_at":"2022-06-20T03:36:39Z","private_gists":0,"total_private_repos":1,"owned_private_repos":1,"disk_usage":36488,"collaborators":0,"two_factor_authentication":false,"plan":{"name":"free","space":976562499,"collaborators":0,"private_repos":10000}}
[info] 
[info] ✔  Success! Logged into GitHub as coderFeedForwardAlg 
[info] 
